<?xml version="1.0" encoding="UTF-8"?>
<!-- Generated by org.testng.reporters.JUnitReportReporter -->
<testsuite hostname="del1-lhp-n78163" failures="0" tests="3" name="tests.Amazon_test_1" time="0.018" errors="0" timestamp="2022-04-26T12:23:07 IST" skipped="0">
  <testcase classname="tests.Amazon_test_1" name="test3" time="0.001"/>
  <system-out/>
  <testcase classname="tests.Amazon_test_1" name="test1" time="0.015"/>
  <system-out/>
  <testcase classname="tests.Amazon_test_1" name="test2" time="0.002"/>
  <system-out/>
</testsuite> <!-- tests.Amazon_test_1 -->
